<?xml version="1.0" encoding="UTF-8"?>
<!-- Generated by org.testng.reporters.JUnitReportReporter -->
<testsuite hostname="DESKTOP-5NCPHIR" failures="0" tests="1" name="testPackage.ValidLoginTestCase" time="11.445" errors="0" timestamp="2023-06-08T21:19:48 IST" skipped="0">
  <testcase classname="testPackage.ValidLoginTestCase" name="validLoginMethod" time="11.445"/>
  <system-out/>
</testsuite> <!-- testPackage.ValidLoginTestCase -->
