<?xml version="1.0" encoding="UTF-8"?>
<!-- Generated by org.testng.reporters.JUnitReportReporter -->
<testsuite hostname="DESKTOP-5NCPHIR" failures="0" tests="10" name="testNGFlags.Flag3" time="0.034" errors="0" timestamp="2023-05-26T10:19:52 IST" skipped="0">
  <testcase classname="testNGFlags.Flag3" name="method1" time="0.001"/>
  <system-out>
    <![CDATA[Login Test Case]]>
  </system-out>
  <testcase classname="testNGFlags.Flag3" name="method1" time="0.002"/>
  <system-out>
    <![CDATA[Login Test Case]]>
  </system-out>
  <testcase classname="testNGFlags.Flag3" name="method1" time="0.003"/>
  <system-out>
    <![CDATA[Login Test Case]]>
  </system-out>
  <testcase classname="testNGFlags.Flag3" name="method1" time="0.003"/>
  <system-out>
    <![CDATA[Login Test Case]]>
  </system-out>
  <testcase classname="testNGFlags.Flag3" name="method1" time="0.004"/>
  <system-out>
    <![CDATA[Login Test Case]]>
  </system-out>
  <testcase classname="testNGFlags.Flag3" name="method1" time="0.002"/>
  <system-out>
    <![CDATA[Login Test Case]]>
  </system-out>
  <testcase classname="testNGFlags.Flag3" name="method1" time="0.003"/>
  <system-out>
    <![CDATA[Login Test Case]]>
  </system-out>
  <testcase classname="testNGFlags.Flag3" name="method1" time="0.002"/>
  <system-out>
    <![CDATA[Login Test Case]]>
  </system-out>
  <testcase classname="testNGFlags.Flag3" name="method1" time="0.012"/>
  <system-out>
    <![CDATA[Login Test Case]]>
  </system-out>
  <testcase classname="testNGFlags.Flag3" name="method1" time="0.002"/>
  <system-out>
    <![CDATA[Login Test Case]]>
  </system-out>
</testsuite> <!-- testNGFlags.Flag3 -->
