<?xml version="1.0" encoding="UTF-8"?>
<!-- Generated by org.testng.reporters.JUnitReportReporter -->
<testsuite hostname="DESKTOP-5NCPHIR" failures="0" tests="3" name="testNGpackage2.DemoTest1" time="0.013" errors="0" timestamp="2023-05-23T09:45:06 IST" skipped="0">
  <testcase classname="testNGpackage2.DemoTest1" name="c" time="0.002"/>
  <system-out>
    <![CDATA[c method from DemoTest1]]>
  </system-out>
  <testcase classname="testNGpackage2.DemoTest1" name="a" time="0.003"/>
  <system-out>
    <![CDATA[a method from DemoTest1]]>
  </system-out>
  <testcase classname="testNGpackage2.DemoTest1" name="b" time="0.008"/>
  <system-out>
    <![CDATA[b method from DemoTest1]]>
  </system-out>
</testsuite> <!-- testNGpackage2.DemoTest1 -->
