<?xml version="1.0" encoding="UTF-8"?>
<!-- Generated by org.testng.reporters.JUnitReportReporter -->
<testsuite hostname="DESKTOP-5NCPHIR" failures="0" tests="1" name="testNGpackage.Selenium" time="0.011" errors="0" timestamp="2023-05-22T10:42:40 IST" skipped="0">
  <testcase classname="testNGpackage.Selenium" name="seleniumMethod" time="0.011"/>
  <system-out>
    <![CDATA[Heyy selenium]]>
  </system-out>
</testsuite> <!-- testNGpackage.Selenium -->
