<?xml version="1.0" encoding="UTF-8"?>
<!-- Generated by org.testng.reporters.JUnitReportReporter -->
<testsuite hostname="DESKTOP-5NCPHIR" failures="0" tests="3" name="testNGFlags.Flag6" time="0.031" errors="0" timestamp="2023-05-27T09:58:25 IST" skipped="0">
  <testcase classname="testNGFlags.Flag6" name="logoutMethod" time="0.009"/>
  <system-out>
    <![CDATA[logout Performed!!]]>
  </system-out>
  <testcase classname="testNGFlags.Flag6" name="createUser" time="0.007"/>
  <system-out>
    <![CDATA[user created!!]]>
  </system-out>
  <testcase classname="testNGFlags.Flag6" name="loginMethod" time="0.015"/>
  <system-out>
    <![CDATA[login performed!!]]>
  </system-out>
</testsuite> <!-- testNGFlags.Flag6 -->
