<?xml version="1.0" encoding="UTF-8"?>
<!-- Generated by org.testng.reporters.JUnitReportReporter -->
<testsuite hostname="DESKTOP-5NCPHIR" failures="0" tests="3" name="testNGpackage2.DemoTest3" time="0.009" errors="0" timestamp="2023-05-24T09:20:54 IST" skipped="0">
  <testcase classname="testNGpackage2.DemoTest3" name="h" time="0.003"/>
  <system-out>
    <![CDATA[h method from DemoTest3]]>
  </system-out>
  <testcase classname="testNGpackage2.DemoTest3" name="g" time="0.003"/>
  <system-out>
    <![CDATA[g method from DemoTest3]]>
  </system-out>
  <testcase classname="testNGpackage2.DemoTest3" name="i" time="0.003"/>
  <system-out>
    <![CDATA[i method from DemoTest3]]>
  </system-out>
</testsuite> <!-- testNGpackage2.DemoTest3 -->
