<?xml version="1.0" encoding="UTF-8"?>
<!-- Generated by org.testng.reporters.JUnitReportReporter -->
<testsuite hostname="DESKTOP-5NCPHIR" failures="0" tests="2" name="testNGExecution.SelectBrowser" time="9.416" errors="0" timestamp="2023-05-25T10:24:49 IST" skipped="0">
  <testcase classname="testNGExecution.SelectBrowser" name="method1" time="3.519"/>
  <system-out/>
  <testcase classname="testNGExecution.SelectBrowser" name="method1" time="5.897"/>
  <system-out/>
</testsuite> <!-- testNGExecution.SelectBrowser -->
