<?xml version="1.0" encoding="UTF-8"?>
<!-- Generated by org.testng.reporters.JUnitReportReporter -->
<testsuite hostname="DESKTOP-5NCPHIR" failures="0" tests="9" name="testNGFlags.Flag4" time="0.034" errors="0" timestamp="2023-05-26T10:40:09 IST" skipped="0">
  <testcase classname="testNGFlags.Flag4" name="g" time="0.011"/>
  <system-out>
    <![CDATA[g method]]>
  </system-out>
  <testcase classname="testNGFlags.Flag4" name="n" time="0.001"/>
  <system-out>
    <![CDATA[n method]]>
  </system-out>
  <testcase classname="testNGFlags.Flag4" name="p" time="0.002"/>
  <system-out>
    <![CDATA[p method]]>
  </system-out>
  <testcase classname="testNGFlags.Flag4" name="r" time="0.004"/>
  <system-out>
    <![CDATA[r method]]>
  </system-out>
  <testcase classname="testNGFlags.Flag4" name="f" time="0.002"/>
  <system-out>
    <![CDATA[f method]]>
  </system-out>
  <testcase classname="testNGFlags.Flag4" name="q" time="0.002"/>
  <system-out>
    <![CDATA[q method]]>
  </system-out>
  <testcase classname="testNGFlags.Flag4" name="s" time="0.005"/>
  <system-out>
    <![CDATA[s method]]>
  </system-out>
  <testcase classname="testNGFlags.Flag4" name="m" time="0.001"/>
  <system-out>
    <![CDATA[m method]]>
  </system-out>
  <testcase classname="testNGFlags.Flag4" name="a" time="0.006"/>
  <system-out>
    <![CDATA[a method]]>
  </system-out>
</testsuite> <!-- testNGFlags.Flag4 -->
