<?xml version="1.0" encoding="UTF-8"?>
<!-- Generated by org.testng.reporters.JUnitReportReporter -->
<testsuite hostname="DESKTOP-5NCPHIR" failures="0" tests="3" name="testNGFlags.Flag5" time="0.027" errors="0" timestamp="2023-05-26T10:56:47 IST" skipped="0">
  <testcase classname="testNGFlags.Flag5" name="logoutMethod" time="0.002"/>
  <system-out>
    <![CDATA[logout Performed!!]]>
  </system-out>
  <testcase classname="testNGFlags.Flag5" name="createUser" time="0.002"/>
  <system-out>
    <![CDATA[user created!!]]>
  </system-out>
  <testcase classname="testNGFlags.Flag5" name="loginMethod" time="0.023"/>
  <system-out>
    <![CDATA[login performed!!]]>
  </system-out>
</testsuite> <!-- testNGFlags.Flag5 -->
