<?xml version="1.0" encoding="UTF-8"?>
<!-- Generated by org.testng.reporters.JUnitReportReporter -->
<testsuite hostname="DESKTOP-5NCPHIR" failures="0" tests="1" name="testNGpackage2.DemoTest2" time="0.013" errors="0" timestamp="2023-05-23T09:46:51 IST" skipped="0">
  <testcase classname="testNGpackage2.DemoTest2" name="f1" time="0.013"/>
  <system-out>
    <![CDATA[f1 method from DemoTest2]]>
  </system-out>
</testsuite> <!-- testNGpackage2.DemoTest2 -->
