<?xml version="1.0" encoding="UTF-8"?>
<!-- Generated by org.testng.reporters.JUnitReportReporter -->
<testsuite hostname="DESKTOP-5NCPHIR" failures="0" tests="3" name="testNGAnnotation.GoogleSearchTestCase" time="27.969" errors="0" timestamp="2023-05-26T10:01:01 IST" skipped="0">
  <testcase classname="testNGAnnotation.GoogleSearchTestCase" name="search2" time="7.866"/>
  <system-out/>
  <testcase classname="testNGAnnotation.GoogleSearchTestCase" name="search1" time="10.393"/>
  <system-out/>
  <testcase classname="testNGAnnotation.GoogleSearchTestCase" name="search3" time="9.710"/>
  <system-out/>
</testsuite> <!-- testNGAnnotation.GoogleSearchTestCase -->
