<?xml version="1.0" encoding="UTF-8"?>
<!-- Generated by org.testng.reporters.JUnitReportReporter -->
<testsuite hostname="DESKTOP-5NCPHIR" failures="0" tests="1" name="testNGpackage.Remo" time="0.002" errors="0" timestamp="2023-05-22T10:24:29 IST" skipped="0">
  <testcase classname="testNGpackage.Remo" name="remoMethod" time="0.002"/>
  <system-out>
    <![CDATA[Hii Selenium]]>
  </system-out>
</testsuite> <!-- testNGpackage.Remo -->
