<?xml version="1.0" encoding="UTF-8"?>
<!-- Generated by org.testng.reporters.JUnitReportReporter -->
<testsuite hostname="DESKTOP-5NCPHIR" failures="0" tests="1" name="testNGpackage2.Test3" time="11.008" errors="0" timestamp="2023-05-24T10:29:10 IST" skipped="0">
  <testcase classname="testNGpackage2.Test3" name="test3Method" time="11.008"/>
  <system-out/>
</testsuite> <!-- testNGpackage2.Test3 -->
