<?xml version="1.0" encoding="UTF-8"?>
<!-- Generated by org.testng.reporters.JUnitReportReporter -->
<testsuite hostname="DESKTOP-5NCPHIR" failures="0" tests="2" name="testNGAnnotation.Annotations" time="0.025" errors="0" timestamp="2023-05-23T10:26:08 IST" skipped="0">
  <testcase classname="testNGAnnotation.Annotations" name="testMethod" time="0.014"/>
  <system-out>
    <![CDATA[Test Annotation2]]>
  </system-out>
  <testcase classname="testNGAnnotation.Annotations" name="f" time="0.011"/>
  <system-out>
    <![CDATA[Test Annotation]]>
  </system-out>
</testsuite> <!-- testNGAnnotation.Annotations -->
