<?xml version="1.0" encoding="UTF-8"?>
<!-- Generated by org.testng.reporters.JUnitReportReporter -->
<testsuite hostname="DESKTOP-5NCPHIR" failures="0" tests="1" name="testNGpackage2.Test2" time="7.663" errors="0" timestamp="2023-05-23T09:48:52 IST" skipped="0">
  <testcase classname="testNGpackage2.Test2" name="test2Mathod" time="7.663"/>
  <system-out/>
</testsuite> <!-- testNGpackage2.Test2 -->
