<?xml version="1.0" encoding="UTF-8"?>
<!-- Generated by org.testng.reporters.JUnitReportReporter -->
<testsuite hostname="DESKTOP-5NCPHIR" failures="0" tests="2" name="testNGpackage.Demo" time="0.007" errors="0" timestamp="2023-05-22T10:24:29 IST" skipped="0">
  <testcase classname="testNGpackage.Demo" name="demoMethod" time="0.003"/>
  <system-out>
    <![CDATA[Hiii TestNG]]>
  </system-out>
  <testcase classname="testNGpackage.Demo" name="g" time="0.004"/>
  <system-out>
    <![CDATA[Hiii java]]>
  </system-out>
</testsuite> <!-- testNGpackage.Demo -->
