<?xml version="1.0" encoding="UTF-8"?>
<!-- Generated by org.testng.reporters.JUnitReportReporter -->
<testsuite hostname="DESKTOP-5NCPHIR" failures="0" tests="2" name="testNGpackage2.MethodExecution" time="0.037" errors="0" timestamp="2023-05-24T10:25:02 IST" skipped="0">
  <testcase classname="testNGpackage2.MethodExecution" name="method2" time="0.017"/>
  <system-out>
    <![CDATA[18:is the thread id of method
method2]]>
  </system-out>
  <testcase classname="testNGpackage2.MethodExecution" name="method1" time="0.020"/>
  <system-out>
    <![CDATA[17:is the thread id of method
method1]]>
  </system-out>
</testsuite> <!-- testNGpackage2.MethodExecution -->
