<?xml version="1.0" encoding="UTF-8"?>
<!-- Generated by org.testng.reporters.JUnitReportReporter -->
<testsuite hostname="DESKTOP-5NCPHIR" failures="0" tests="3" name="testNGpackage2.DemoTest2" time="0.015" errors="0" timestamp="2023-05-24T09:20:54 IST" skipped="0">
  <testcase classname="testNGpackage2.DemoTest2" name="e" time="0.010"/>
  <system-out>
    <![CDATA[e method from DemoTest2]]>
  </system-out>
  <testcase classname="testNGpackage2.DemoTest2" name="f1" time="0.003"/>
  <system-out>
    <![CDATA[f1 method from DemoTest2]]>
  </system-out>
  <testcase classname="testNGpackage2.DemoTest2" name="f" time="0.002"/>
  <system-out>
    <![CDATA[f method from DemoTest2]]>
  </system-out>
</testsuite> <!-- testNGpackage2.DemoTest2 -->
