<?xml version="1.0" encoding="UTF-8"?>
<!-- Generated by org.testng.reporters.JUnitReportReporter -->
<testsuite hostname="DESKTOP-5NCPHIR" failures="0" tests="1" name="testNGpackage.Manual" time="0.002" errors="0" timestamp="2023-05-22T10:42:40 IST" skipped="0">
  <testcase classname="testNGpackage.Manual" name="manualMethod" time="0.002"/>
  <system-out>
    <![CDATA[Heyy Manual]]>
  </system-out>
</testsuite> <!-- testNGpackage.Manual -->
