<?xml version="1.0" encoding="UTF-8"?>
<!-- Generated by org.testng.reporters.JUnitReportReporter -->
<testsuite hostname="DESKTOP-5NCPHIR" failures="0" tests="6" name="testNGFlags.Flag7" time="0.057" errors="0" timestamp="2023-05-27T09:47:45 IST" skipped="0">
  <testcase classname="testNGFlags.Flag7" name="it1" time="0.020"/>
  <system-out>
    <![CDATA[ITC1]]>
  </system-out>
  <testcase classname="testNGFlags.Flag7" name="it3" time="0.011"/>
  <system-out>
    <![CDATA[ITC3]]>
  </system-out>
  <testcase classname="testNGFlags.Flag7" name="it6" time="0.008"/>
  <system-out>
    <![CDATA[ITC6]]>
  </system-out>
  <testcase classname="testNGFlags.Flag7" name="it2" time="0.007"/>
  <system-out>
    <![CDATA[ITC2]]>
  </system-out>
  <testcase classname="testNGFlags.Flag7" name="it4" time="0.004"/>
  <system-out>
    <![CDATA[ITC4]]>
  </system-out>
  <testcase classname="testNGFlags.Flag7" name="it5" time="0.007"/>
  <system-out>
    <![CDATA[ITC5]]>
  </system-out>
</testsuite> <!-- testNGFlags.Flag7 -->
