<?xml version="1.0" encoding="UTF-8"?>
<!-- Generated by org.testng.reporters.JUnitReportReporter -->
<testsuite hostname="DESKTOP-5NCPHIR" failures="0" tests="3" name="testNGAnnotation.GoogleSearchTestCase" time="26.545" errors="0" timestamp="2023-05-24T09:15:13 IST" skipped="0">
  <testcase classname="testNGAnnotation.GoogleSearchTestCase" name="search3" time="11.207"/>
  <system-out/>
  <testcase classname="testNGAnnotation.GoogleSearchTestCase" name="search1" time="7.462"/>
  <system-out/>
  <testcase classname="testNGAnnotation.GoogleSearchTestCase" name="search2" time="7.876"/>
  <system-out/>
</testsuite> <!-- testNGAnnotation.GoogleSearchTestCase -->
