<?xml version="1.0" encoding="UTF-8"?>
<!-- Generated by org.testng.reporters.JUnitReportReporter -->
<testsuite hostname="DESKTOP-5NCPHIR" failures="0" tests="1" name="testPackage.ValidLoginTestCase" time="33.675" errors="0" timestamp="2023-06-08T20:50:16 IST" skipped="0">
  <testcase classname="testPackage.ValidLoginTestCase" name="validTestCase" time="33.675"/>
  <system-out>
    <![CDATA[Browser Opened & Test Will Start!!
Test executed successfully!!]]>
  </system-out>
</testsuite> <!-- testPackage.ValidLoginTestCase -->
