<?xml version="1.0" encoding="UTF-8"?>
<!-- Generated by org.testng.reporters.JUnitReportReporter -->
<testsuite hostname="DESKTOP-5NCPHIR" failures="0" tests="1" name="testPackage.InvalidLoginTestCase" time="0.011" errors="0" timestamp="2023-06-02T09:36:01 IST" skipped="0">
  <testcase classname="testPackage.InvalidLoginTestCase" name="invalidLogin" time="0.011"/>
  <system-out/>
</testsuite> <!-- testPackage.InvalidLoginTestCase -->
